[00:00:02] [Server thread/INFO]: Updating the respawn location of player danocraft626 to [-2319, 111, 98] in minecraft:overworld
[00:00:02] [Server thread/INFO]: Updating the respawn location of player danocraft626 to [-2319, 111, 98] in minecraft:overworld
[00:00:04] [Server thread/INFO]: Updating the respawn location of player HORNIYOR to [-2319, 111, 98] in minecraft:overworld
[00:00:55] [Server thread/INFO]: Player danocraft626 is within the range of its respawn block
[00:00:55] [Server thread/INFO]: danocraft626 was slain by HORNIYOR using [Legendary Espada de diamante]
[00:00:57] [Server thread/INFO]: Updating the respawn location of player danocraft626 to [-2319, 111, 98] in minecraft:overworld
[00:00:57] [Server thread/INFO]: Updating the respawn location of player danocraft626 to [-2319, 111, 98] in minecraft:overworld
[00:01:10] [Server thread/INFO]: Player danocraft626 is within the range of its respawn block
[00:01:18] [Server thread/INFO]: danocraft626 was burned to a crisp while fighting HORNIYOR
[00:01:18] [Server thread/WARN]: Can't keep up! Is the server overloaded? Running 7664ms or 153 ticks behind
[00:01:20] [Server thread/INFO]: Updating the respawn location of player danocraft626 to [-2319, 111, 98] in minecraft:overworld
[00:01:20] [Server thread/INFO]: Updating the respawn location of player danocraft626 to [-2319, 111, 98] in minecraft:overworld
[00:01:32] [Server thread/INFO]: Player danocraft626 is within the range of its respawn block
[00:01:32] [Server thread/INFO]: danocraft626 was burned to a crisp while fighting HORNIYOR
[00:01:33] [Server thread/INFO]: Updating the respawn location of player danocraft626 to [-2319, 111, 98] in minecraft:overworld
[00:01:33] [Server thread/INFO]: Updating the respawn location of player danocraft626 to [-2319, 111, 98] in minecraft:overworld
[00:01:45] [Server thread/INFO]: Updating the respawn location of player danocraft626 to [-2319, 111, 98] in minecraft:overworld
[00:01:45] [Server thread/INFO]: danocraft626 has made the advancement [Sweet Dreams]
[00:01:45] [Server thread/WARN]: Can't keep up! Is the server overloaded? Running 7602ms or 152 ticks behind
[00:01:47] [Server thread/INFO]: Player danocraft626 is within the range of its respawn block
[00:01:47] [Server thread/INFO]: danocraft626 was slain by HORNIYOR
[00:01:49] [Server thread/INFO]: Updating the respawn location of player danocraft626 to [-2319, 111, 98] in minecraft:overworld
[00:01:49] [Server thread/INFO]: Updating the respawn location of player danocraft626 to [-2319, 111, 98] in minecraft:overworld
[00:01:55] [Server thread/INFO]: Player danocraft626 is within the range of its respawn block
[00:01:55] [Server thread/INFO]: danocraft626 was slain by HORNIYOR using [Legendary Espada de diamante]
[00:01:57] [Server thread/INFO]: Updating the respawn location of player danocraft626 to [-2319, 111, 98] in minecraft:overworld
[00:01:57] [Server thread/INFO]: Updating the respawn location of player danocraft626 to [-2319, 111, 98] in minecraft:overworld
[00:02:02] [Server thread/INFO]: Darknneess[/127.104.116.4:40643] logged in with entity id 3956 at (-0.5, 126.0, 9.5)
[00:02:02] [Server thread/INFO]: Darknneess joined the game
[00:02:02] [Server thread/INFO]: Sending common config 'fallingtrees:fallingtrees_common' to Darknneess
[00:02:02] [Server thread/INFO]: Sending item configs to client
[00:02:03] [Server thread/INFO]: Received client config 'fallingtrees:fallingtrees_client' from Darknneess
[00:02:05] [Server thread/INFO]: Player danocraft626 is within the range of its respawn block
[00:02:05] [Server thread/INFO]: danocraft626 was shot by HORNIYOR
[00:02:06] [Server thread/INFO]: Updating the respawn location of player danocraft626 to [-2319, 111, 98] in minecraft:overworld
[00:02:06] [Server thread/INFO]: Updating the respawn location of player danocraft626 to [-2319, 111, 98] in minecraft:overworld
[00:02:21] [Server thread/INFO]: [Not Secure] <Darknneess> ola
[00:02:52] [Server thread/INFO]: Darknneess has made the advancement [Oh My Blood!]
[00:03:24] [Server thread/INFO]: ayrton_senna1994[/127.196.80.251:37733] logged in with entity id 4795 at (-2.5, 131.0, 4.5)
[00:03:24] [Server thread/INFO]: ayrton_senna1994 joined the game
[00:03:24] [Server thread/INFO]: Sending common config 'fallingtrees:fallingtrees_common' to ayrton_senna1994
[00:03:24] [Server thread/INFO]: Sending item configs to client
[00:03:24] [Server thread/INFO]: Received client config 'fallingtrees:fallingtrees_client' from ayrton_senna1994
[00:03:37] [Server thread/INFO]: [HORNIYOR: Teleported Darknneess to HORNIYOR]
[00:03:42] [Server thread/INFO]: [HORNIYOR: Teleported ayrton_senna1994 to HORNIYOR]
[00:03:45] [Server thread/INFO]: Darknneess has made the advancement [Not Today, Thank You]
[00:03:48] [Server thread/WARN]: Potential block entity net.minecraft.class_2595@acbf3b8 has no loot table in ResourceKey[minecraft:dimension / minecraft:overworld] (class_2338{x=-2323, y=111, z=101})
[00:03:51] [Server thread/INFO]: ayrton_senna1994 has made the advancement [Monster Hunter]
[00:03:58] [Server thread/INFO]: ayrton_senna1994 has made the advancement [Cover Me with Diamonds]
[00:03:59] [Server thread/INFO]: ayrton_senna1994 has made the advancement [Suit Up]
[00:03:59] [Server thread/INFO]: ayrton_senna1994 has made the advancement [Acquire Hardware]
[00:04:03] [Server thread/INFO]: Darknneess has made the advancement [Acquire Hardware]
[00:04:19] [Server thread/INFO]: Darknneess has made the advancement [Cover Me with Diamonds]
[00:04:38] [Server thread/INFO]: Darknneess has made the advancement [Ice Bucket Challenge]
[00:04:40] [Server thread/INFO]: ayrton_senna1994 has made the advancement [Oh My Blood!]
[00:04:52] [Server thread/INFO]: Searching for respawn location - Attempt 1/16
[00:04:52] [Server thread/INFO]: Found valid respawn location: [-2368, 114, 112]
[00:04:52] [Server thread/INFO]: Set temporary respawn location to [-2368, 114, 112]
[00:04:52] [Server thread/INFO]: ayrton_senna1994 was burned to a crisp while fighting danocraft626
[00:04:54] [Server thread/INFO]: Updating the respawn location of player ayrton_senna1994 to [NONE]
[00:04:57] [Server thread/INFO]: [HORNIYOR: Teleported ayrton_senna1994 to HORNIYOR]
[00:05:22] [Server thread/INFO]: Searching for respawn location - Attempt 1/16
[00:05:22] [Server thread/INFO]: Found valid respawn location: [-2272, 117, 144]
[00:05:22] [Server thread/INFO]: Set temporary respawn location to [-2272, 117, 144]
[00:05:22] [Server thread/INFO]: ayrton_senna1994 was slain by HORNIYOR
[00:05:23] [Server thread/INFO]: Updating the respawn location of player ayrton_senna1994 to [NONE]
[00:05:24] [Server thread/INFO]: [HORNIYOR: Teleported ayrton_senna1994 to HORNIYOR]
[00:06:32] [Server thread/INFO]: Darknneess has made the advancement ['X' Marks the Spot]
[00:07:16] [Server thread/INFO]: ayrton_senna1994 has made the advancement ['X' Marks the Spot]
[00:07:50] [Server thread/INFO]: [HORNIYOR: Teleported HORNIYOR to ayrton_senna1994]
[00:08:13] [Server thread/INFO]: [Not Secure] <HORNIYOR> ASDASDASASDASDASD
[00:08:21] [Server thread/INFO]: [Not Secure] <Darknneess> nigger
[00:08:33] [Server thread/INFO]: Darknneess has made the advancement [Delightful Decade]
[00:08:56] [Server thread/INFO]: Searching for respawn location - Attempt 1/16
[00:08:56] [Server thread/INFO]: Searching for respawn location - Attempt 2/16
[00:08:56] [Server thread/INFO]: Searching for respawn location - Attempt 3/16
[00:08:56] [Server thread/INFO]: Found valid respawn location: [-2400, 81, 96]
[00:08:56] [Server thread/INFO]: Set temporary respawn location to [-2400, 81, 96]
[00:08:56] [Server thread/INFO]: ayrton_senna1994 was burned to a crisp while fighting HORNIYOR
[00:08:58] [Server thread/INFO]: Updating the respawn location of player ayrton_senna1994 to [NONE]
[00:09:00] [Server thread/INFO]: [HORNIYOR: Teleported ayrton_senna1994 to HORNIYOR]
[00:09:24] [Server thread/INFO]: Searching for respawn location - Attempt 1/16
[00:09:24] [Server thread/INFO]: Found valid respawn location: [-2432, 138, 16]
[00:09:24] [Server thread/INFO]: Set temporary respawn location to [-2432, 138, 16]
[00:09:24] [Server thread/INFO]: ayrton_senna1994 was slain by HORNIYOR using [Epic Hacha de diamante]
[00:09:27] [Server thread/INFO]: [HORNIYOR: Teleported ayrton_senna1994 to HORNIYOR]
[00:09:27] [Server thread/INFO]: Updating the respawn location of player ayrton_senna1994 to [NONE]
[00:09:29] [Server thread/INFO]: [HORNIYOR: Teleported ayrton_senna1994 to HORNIYOR]
[00:10:26] [Server thread/INFO]: Searching for respawn location - Attempt 1/16
[00:10:26] [Server thread/INFO]: Found valid respawn location: [-2336, 157, 0]
[00:10:26] [Server thread/INFO]: Set temporary respawn location to [-2336, 157, 0]
[00:10:26] [Server thread/INFO]: danocraft626 was slain by HORNIYOR
[00:10:28] [Server thread/INFO]: Updating the respawn location of player danocraft626 to [-2319, 111, 98] in minecraft:overworld
[00:10:32] [Server thread/INFO]: [HORNIYOR: Teleported HORNIYOR to ayrton_senna1994]
[00:11:05] [Server thread/INFO]: Searching for respawn location - Attempt 1/16
[00:11:05] [Server thread/INFO]: Found valid respawn location: [-2256, 110, 16]
[00:11:05] [Server thread/INFO]: Set temporary respawn location to [-2256, 110, 16]
[00:11:05] [Server thread/INFO]: ayrton_senna1994 was shot by HORNIYOR
[00:11:07] [Server thread/INFO]: Updating the respawn location of player ayrton_senna1994 to [NONE]
[00:11:09] [Server thread/INFO]: [HORNIYOR: Teleported ayrton_senna1994 to HORNIYOR]
[00:11:09] [Server thread/INFO]: ayrton_senna1994 has completed the challenge [Almost, but no!]
[00:11:11] [Server thread/INFO]: ayrton_senna1994 lost connection: Disconnected
[00:11:11] [Server thread/INFO]: ayrton_senna1994 left the game
[00:11:54] [Server thread/INFO]: [HORNIYOR: Teleported HORNIYOR to danocraft626]
[00:11:56] [Server thread/INFO]: Searching for respawn location - Attempt 1/16
[00:11:56] [Server thread/INFO]: Found valid respawn location: [-2240, 118, 112]
[00:11:56] [Server thread/INFO]: Set temporary respawn location to [-2240, 118, 112]
[00:11:56] [Server thread/INFO]: danocraft626 fell from a high place
[00:11:58] [Server thread/INFO]: Updating the respawn location of player danocraft626 to [-2319, 111, 98] in minecraft:overworld
[00:12:02] [Server thread/INFO]: [HORNIYOR: Teleported HORNIYOR to Darknneess]
